<?xml version="1.0" encoding="UTF-8"?>
<!-- Generated by org.testng.reporters.JUnitReportReporter -->
<testsuite hostname="DESKTOP-7G03TLD" failures="0" tests="1" name="TestFinal.TestMainFinalTask" time="62.943" errors="0" timestamp="2024-04-14T15:49:20 EDT" skipped="0">
  <testcase classname="TestFinal.TestMainFinalTask" name="testMainFinalTask" time="62.943"/>
</testsuite> <!-- TestFinal.TestMainFinalTask -->
